# JRE version: OpenJDK Runtime Environment (17.0.6) (build 17.0.6+0-b2043.56-9586694)
# Java VM: OpenJDK 64-Bit Server VM (17.0.6+0-b2043.56-9586694, mixed mode, tiered, compressed oops, compressed class ptrs, g1 gc, windows-amd64)
GC Precious Log:
 CPUs: 4 total, 4 available
 Memory: 8104M
 Large Page Support: Disabled
 NUMA Support: Disabled
 Compressed Oops: Enabled (32-bit)
 Heap Region Size: 1M
 Heap Min Capacity: 8M
 Heap Initial Capacity: 128M
 Heap Max Capacity: 2G
 Pre-touch: Disabled
 Parallel Workers: 4
 Concurrent Workers: 1
 Concurrent Refinement Workers: 4
 Periodic GC: Disabled
Heap:
 garbage-first heap   total 204800K, used 123371K [0x0000000080000000, 0x0000000100000000)
  region size 1024K, 6 young (6144K), 3 survivors (3072K)
 Metaspace       used 58537K, committed 59072K, reserved 1105920K
  class space    used 7826K, committed 8064K, reserved 1048576K
GC Heap History (20 events):
Event: 11.756 GC heap before
{Heap before GC invocations=21 (full 0):
 garbage-first heap   total 114688K, used 68510K [0x0000000080000000, 0x0000000100000000)
  region size 1024K, 5 young (5120K), 2 survivors (2048K)
 Metaspace       used 46516K, committed 46976K, reserved 1097728K
  class space    used 6179K, committed 6400K, reserved 1048576K
}
Event: 11.761 GC heap after
{Heap after GC invocations=22 (full 0):
 garbage-first heap   total 114688K, used 65335K [0x0000000080000000, 0x0000000100000000)
  region size 1024K, 1 young (1024K), 1 survivors (1024K)
 Metaspace       used 46516K, committed 46976K, reserved 1097728K
  class space    used 6179K, committed 6400K, reserved 1048576K
}
Event: 11.819 GC heap before
{Heap before GC invocations=22 (full 0):
 garbage-first heap   total 114688K, used 67383K [0x0000000080000000, 0x0000000100000000)
  region size 1024K, 4 young (4096K), 1 survivors (1024K)
 Metaspace       used 46583K, committed 47040K, reserved 1097728K
  class space    used 6185K, committed 6400K, reserved 1048576K
}
Event: 11.822 GC heap after
{Heap after GC invocations=23 (full 0):
 garbage-first heap   total 114688K, used 65996K [0x0000000080000000, 0x0000000100000000)
  region size 1024K, 2 young (2048K), 2 survivors (2048K)
 Metaspace       used 46583K, committed 47040K, reserved 1097728K
  class space    used 6185K, committed 6400K, reserved 1048576K
}
Event: 12.130 GC heap before
{Heap before GC invocations=24 (full 0):
 garbage-first heap   total 152576K, used 97740K [0x0000000080000000, 0x0000000100000000)
  region size 1024K, 14 young (14336K), 2 survivors (2048K)
 Metaspace       used 47299K, committed 47808K, reserved 1097728K
  class space    used 6266K, committed 6464K, reserved 1048576K
}
Event: 12.135 GC heap after
{Heap after GC invocations=25 (full 0):
 garbage-first heap   total 152576K, used 90363K [0x0000000080000000, 0x0000000100000000)
  region size 1024K, 4 young (4096K), 4 survivors (4096K)
 Metaspace       used 47299K, committed 47808K, reserved 1097728K
  class space    used 6266K, committed 6464K, reserved 1048576K
}
Event: 13.102 GC heap before
{Heap before GC invocations=26 (full 0):
 garbage-first heap   total 158720K, used 114939K [0x0000000080000000, 0x0000000100000000)
  region size 1024K, 27 young (27648K), 4 survivors (4096K)
 Metaspace       used 49362K, committed 49856K, reserved 1097728K
  class space    used 6472K, committed 6656K, reserved 1048576K
}
Event: 13.108 GC heap after
{Heap after GC invocations=27 (full 0):
 garbage-first heap   total 158720K, used 92323K [0x0000000080000000, 0x0000000100000000)
  region size 1024K, 3 young (3072K), 3 survivors (3072K)
 Metaspace       used 49362K, committed 49856K, reserved 1097728K
  class space    used 6472K, committed 6656K, reserved 1048576K
}
Event: 13.420 GC heap before
{Heap before GC invocations=27 (full 0):
 garbage-first heap   total 158720K, used 104611K [0x0000000080000000, 0x0000000100000000)
  region size 1024K, 17 young (17408K), 3 survivors (3072K)
 Metaspace       used 50798K, committed 51264K, reserved 1097728K
  class space    used 6720K, committed 6912K, reserved 1048576K
}
Event: 13.426 GC heap after
{Heap after GC invocations=28 (full 0):
 garbage-first heap   total 158720K, used 93628K [0x0000000080000000, 0x0000000100000000)
  region size 1024K, 2 young (2048K), 2 survivors (2048K)
 Metaspace       used 50798K, committed 51264K, reserved 1097728K
  class space    used 6720K, committed 6912K, reserved 1048576K
}
Event: 14.321 GC heap before
{Heap before GC invocations=29 (full 0):
 garbage-first heap   total 176128K, used 127420K [0x0000000080000000, 0x0000000100000000)
  region size 1024K, 28 young (28672K), 2 survivors (2048K)
 Metaspace       used 53829K, committed 54400K, reserved 1097728K
  class space    used 7212K, committed 7488K, reserved 1048576K
}
Event: 14.327 GC heap after
{Heap after GC invocations=30 (full 0):
 garbage-first heap   total 176128K, used 102400K [0x0000000080000000, 0x0000000100000000)
  region size 1024K, 3 young (3072K), 3 survivors (3072K)
 Metaspace       used 53829K, committed 54400K, reserved 1097728K
  class space    used 7212K, committed 7488K, reserved 1048576K
}
Event: 15.139 GC heap before
{Heap before GC invocations=30 (full 0):
 garbage-first heap   total 176128K, used 131072K [0x0000000080000000, 0x0000000100000000)
  region size 1024K, 33 young (33792K), 3 survivors (3072K)
 Metaspace       used 54888K, committed 55488K, reserved 1097728K
  class space    used 7305K, committed 7616K, reserved 1048576K
}
Event: 15.147 GC heap after
{Heap after GC invocations=31 (full 0):
 garbage-first heap   total 176128K, used 104862K [0x0000000080000000, 0x0000000100000000)
  region size 1024K, 5 young (5120K), 5 survivors (5120K)
 Metaspace       used 54888K, committed 55488K, reserved 1097728K
  class space    used 7305K, committed 7616K, reserved 1048576K
}
Event: 15.542 GC heap before
{Heap before GC invocations=32 (full 0):
 garbage-first heap   total 184320K, used 107934K [0x0000000080000000, 0x0000000100000000)
  region size 1024K, 7 young (7168K), 5 survivors (5120K)
 Metaspace       used 54951K, committed 55552K, reserved 1097728K
  class space    used 7314K, committed 7616K, reserved 1048576K
}
Event: 15.549 GC heap after
{Heap after GC invocations=33 (full 0):
 garbage-first heap   total 184320K, used 109420K [0x0000000080000000, 0x0000000100000000)
  region size 1024K, 4 young (4096K), 4 survivors (4096K)
 Metaspace       used 54951K, committed 55552K, reserved 1097728K
  class space    used 7314K, committed 7616K, reserved 1048576K
}
Event: 15.920 GC heap before
{Heap before GC invocations=34 (full 0):
 garbage-first heap   total 196608K, used 119660K [0x0000000080000000, 0x0000000100000000)
  region size 1024K, 11 young (11264K), 4 survivors (4096K)
 Metaspace       used 55247K, committed 55808K, reserved 1097728K
  class space    used 7366K, committed 7616K, reserved 1048576K
}
Event: 15.931 GC heap after
{Heap after GC invocations=35 (full 0):
 garbage-first heap   total 196608K, used 118784K [0x0000000080000000, 0x0000000100000000)
  region size 1024K, 4 young (4096K), 4 survivors (4096K)
 Metaspace       used 55247K, committed 55808K, reserved 1097728K
  class space    used 7366K, committed 7616K, reserved 1048576K
}
Event: 18.115 GC heap before
{Heap before GC invocations=36 (full 0):
 garbage-first heap   total 204800K, used 143360K [0x0000000080000000, 0x0000000100000000)
  region size 1024K, 28 young (28672K), 4 survivors (4096K)
 Metaspace       used 58200K, committed 58816K, reserved 1105920K
  class space    used 7764K, committed 8064K, reserved 1048576K
}
Event: 18.119 GC heap after
{Heap after GC invocations=37 (full 0):
 garbage-first heap   total 204800K, used 121323K [0x0000000080000000, 0x0000000100000000)
  region size 1024K, 3 young (3072K), 3 survivors (3072K)
 Metaspace       used 58200K, committed 58816K, reserved 1105920K
  class space    used 7764K, committed 8064K, reserved 1048576K
}

