# JRE version: OpenJDK Runtime Environment (17.0.6) (build 17.0.6+0-b2043.56-9586694)
# Java VM: OpenJDK 64-Bit Server VM (17.0.6+0-b2043.56-9586694, mixed mode, tiered, compressed oops, compressed class ptrs, g1 gc, windows-amd64)
GC Precious Log:
 CPUs: 4 total, 4 available
 Memory: 8104M
 Large Page Support: Disabled
 NUMA Support: Disabled
 Compressed Oops: Enabled (32-bit)
 Heap Region Size: 1M
 Heap Min Capacity: 8M
 Heap Initial Capacity: 128M
 Heap Max Capacity: 2G
 Pre-touch: Disabled
 Parallel Workers: 4
 Concurrent Workers: 1
 Concurrent Refinement Workers: 4
 Periodic GC: Disabled
Heap:
 garbage-first heap   total 254976K, used 206527K [0x0000000080000000, 0x0000000100000000)
  region size 1024K, 13 young (13312K), 2 survivors (2048K)
 Metaspace       used 126362K, committed 127424K, reserved 1163264K
  class space    used 17469K, committed 17984K, reserved 1048576K
GC Heap History (20 events):
Event: 195.045 GC heap before
{Heap before GC invocations=73 (full 0):
 garbage-first heap   total 214016K, used 144030K [0x0000000080000000, 0x0000000100000000)
  region size 1024K, 3 young (3072K), 2 survivors (2048K)
 Metaspace       used 117745K, committed 118592K, reserved 1155072K
  class space    used 16316K, committed 16704K, reserved 1048576K
}
Event: 195.048 GC heap after
{Heap after GC invocations=74 (full 0):
 garbage-first heap   total 214016K, used 142916K [0x0000000080000000, 0x0000000100000000)
  region size 1024K, 1 young (1024K), 1 survivors (1024K)
 Metaspace       used 117745K, committed 118592K, reserved 1155072K
  class space    used 16316K, committed 16704K, reserved 1048576K
}
Event: 269.261 GC heap before
{Heap before GC invocations=75 (full 0):
 garbage-first heap   total 250880K, used 195140K [0x0000000080000000, 0x0000000100000000)
  region size 1024K, 34 young (34816K), 1 survivors (1024K)
 Metaspace       used 119019K, committed 119872K, reserved 1155072K
  class space    used 16486K, committed 16896K, reserved 1048576K
}
Event: 269.269 GC heap after
{Heap after GC invocations=76 (full 0):
 garbage-first heap   total 250880K, used 119590K [0x0000000080000000, 0x0000000100000000)
  region size 1024K, 4 young (4096K), 4 survivors (4096K)
 Metaspace       used 119019K, committed 119872K, reserved 1155072K
  class space    used 16486K, committed 16896K, reserved 1048576K
}
Event: 269.570 GC heap before
{Heap before GC invocations=76 (full 0):
 garbage-first heap   total 250880K, used 127782K [0x0000000080000000, 0x0000000100000000)
  region size 1024K, 12 young (12288K), 4 survivors (4096K)
 Metaspace       used 119159K, committed 120000K, reserved 1155072K
  class space    used 16491K, committed 16896K, reserved 1048576K
}
Event: 269.576 GC heap after
{Heap after GC invocations=77 (full 0):
 garbage-first heap   total 250880K, used 120009K [0x0000000080000000, 0x0000000100000000)
  region size 1024K, 2 young (2048K), 2 survivors (2048K)
 Metaspace       used 119159K, committed 120000K, reserved 1155072K
  class space    used 16491K, committed 16896K, reserved 1048576K
}
Event: 324.632 GC heap before
{Heap before GC invocations=77 (full 0):
 garbage-first heap   total 250880K, used 189641K [0x0000000080000000, 0x0000000100000000)
  region size 1024K, 72 young (73728K), 2 survivors (2048K)
 Metaspace       used 120052K, committed 120960K, reserved 1155072K
  class space    used 16515K, committed 16960K, reserved 1048576K
}
Event: 324.668 GC heap after
{Heap after GC invocations=78 (full 0):
 garbage-first heap   total 250880K, used 127392K [0x0000000080000000, 0x0000000100000000)
  region size 1024K, 9 young (9216K), 9 survivors (9216K)
 Metaspace       used 120052K, committed 120960K, reserved 1155072K
  class space    used 16515K, committed 16960K, reserved 1048576K
}
Event: 583.473 GC heap before
{Heap before GC invocations=79 (full 0):
 garbage-first heap   total 250880K, used 216480K [0x0000000080000000, 0x0000000100000000)
  region size 1024K, 82 young (83968K), 9 survivors (9216K)
 Metaspace       used 120540K, committed 121472K, reserved 1155072K
  class space    used 16543K, committed 17024K, reserved 1048576K
}
Event: 583.503 GC heap after
{Heap after GC invocations=80 (full 0):
 garbage-first heap   total 250880K, used 135136K [0x0000000080000000, 0x0000000100000000)
  region size 1024K, 9 young (9216K), 9 survivors (9216K)
 Metaspace       used 120540K, committed 121472K, reserved 1155072K
  class space    used 16543K, committed 17024K, reserved 1048576K
}
Event: 583.559 GC heap before
{Heap before GC invocations=80 (full 0):
 garbage-first heap   total 250880K, used 138208K [0x0000000080000000, 0x0000000100000000)
  region size 1024K, 12 young (12288K), 9 survivors (9216K)
 Metaspace       used 120547K, committed 121472K, reserved 1155072K
  class space    used 16543K, committed 17024K, reserved 1048576K
}
Event: 583.579 GC heap after
{Heap after GC invocations=81 (full 0):
 garbage-first heap   total 250880K, used 133510K [0x0000000080000000, 0x0000000100000000)
  region size 1024K, 2 young (2048K), 2 survivors (2048K)
 Metaspace       used 120547K, committed 121472K, reserved 1155072K
  class space    used 16543K, committed 17024K, reserved 1048576K
}
Event: 1151.861 GC heap before
{Heap before GC invocations=81 (full 0):
 garbage-first heap   total 250880K, used 162182K [0x0000000080000000, 0x0000000100000000)
  region size 1024K, 31 young (31744K), 2 survivors (2048K)
 Metaspace       used 120828K, committed 121792K, reserved 1155072K
  class space    used 16573K, committed 17024K, reserved 1048576K
}
Event: 1151.870 GC heap after
{Heap after GC invocations=82 (full 0):
 garbage-first heap   total 250880K, used 133862K [0x0000000080000000, 0x0000000100000000)
  region size 1024K, 2 young (2048K), 2 survivors (2048K)
 Metaspace       used 120828K, committed 121792K, reserved 1155072K
  class space    used 16573K, committed 17024K, reserved 1048576K
}
Event: 1166.333 GC heap before
{Heap before GC invocations=83 (full 0):
 garbage-first heap   total 250880K, used 240358K [0x0000000080000000, 0x0000000100000000)
  region size 1024K, 54 young (55296K), 2 survivors (2048K)
 Metaspace       used 123267K, committed 124288K, reserved 1163264K
  class space    used 16962K, committed 17472K, reserved 1048576K
}
Event: 1166.369 GC heap after
{Heap after GC invocations=84 (full 0):
 garbage-first heap   total 254976K, used 198773K [0x0000000080000000, 0x0000000100000000)
  region size 1024K, 9 young (9216K), 9 survivors (9216K)
 Metaspace       used 123267K, committed 124288K, reserved 1163264K
  class space    used 16962K, committed 17472K, reserved 1048576K
}
Event: 1166.719 GC heap before
{Heap before GC invocations=84 (full 0):
 garbage-first heap   total 254976K, used 200821K [0x0000000080000000, 0x0000000100000000)
  region size 1024K, 12 young (12288K), 9 survivors (9216K)
 Metaspace       used 123917K, committed 124928K, reserved 1163264K
  class space    used 17066K, committed 17536K, reserved 1048576K
}
Event: 1166.731 GC heap after
{Heap after GC invocations=85 (full 0):
 garbage-first heap   total 254976K, used 195094K [0x0000000080000000, 0x0000000100000000)
  region size 1024K, 1 young (1024K), 1 survivors (1024K)
 Metaspace       used 123917K, committed 124928K, reserved 1163264K
  class space    used 17066K, committed 17536K, reserved 1048576K
}
Event: 1167.258 GC heap before
{Heap before GC invocations=85 (full 0):
 garbage-first heap   total 254976K, used 219670K [0x0000000080000000, 0x0000000100000000)
  region size 1024K, 26 young (26624K), 1 survivors (1024K)
 Metaspace       used 125891K, committed 126912K, reserved 1163264K
  class space    used 17416K, committed 17920K, reserved 1048576K
}
Event: 1167.265 GC heap after
{Heap after GC invocations=86 (full 0):
 garbage-first heap   total 254976K, used 196287K [0x0000000080000000, 0x0000000100000000)
  region size 1024K, 2 young (2048K), 2 survivors (2048K)
 Metaspace       used 125891K, committed 126912K, reserved 1163264K
  class space    used 17416K, committed 17920K, reserved 1048576K
}

