# JRE version: OpenJDK Runtime Environment (17.0.6) (build 17.0.6+0-b2043.56-9586694)
# Java VM: OpenJDK 64-Bit Server VM (17.0.6+0-b2043.56-9586694, mixed mode, tiered, compressed oops, compressed class ptrs, g1 gc, windows-amd64)
GC Precious Log:
 CPUs: 4 total, 4 available
 Memory: 8104M
 Large Page Support: Disabled
 NUMA Support: Disabled
 Compressed Oops: Enabled (32-bit)
 Heap Region Size: 1M
 Heap Min Capacity: 8M
 Heap Initial Capacity: 128M
 Heap Max Capacity: 2G
 Pre-touch: Disabled
 Parallel Workers: 4
 Concurrent Workers: 1
 Concurrent Refinement Workers: 4
 Periodic GC: Disabled
Heap:
 garbage-first heap   total 380928K, used 252509K [0x0000000080000000, 0x0000000100000000)
  region size 1024K, 48 young (49152K), 15 survivors (15360K)
 Metaspace       used 118067K, committed 119040K, reserved 1155072K
  class space    used 15809K, committed 16256K, reserved 1048576K
GC Heap History (20 events):
Event: 22.310 GC heap before
{Heap before GC invocations=42 (full 0):
 garbage-first heap   total 237568K, used 226171K [0x0000000080000000, 0x0000000100000000)
  region size 1024K, 58 young (59392K), 1 survivors (1024K)
 Metaspace       used 89261K, committed 89984K, reserved 1130496K
  class space    used 12200K, committed 12544K, reserved 1048576K
}
Event: 22.320 GC heap after
{Heap after GC invocations=43 (full 0):
 garbage-first heap   total 237568K, used 176909K [0x0000000080000000, 0x0000000100000000)
  region size 1024K, 8 young (8192K), 8 survivors (8192K)
 Metaspace       used 89261K, committed 89984K, reserved 1130496K
  class space    used 12200K, committed 12544K, reserved 1048576K
}
Event: 22.822 GC heap before
{Heap before GC invocations=44 (full 0):
 garbage-first heap   total 296960K, used 198413K [0x0000000080000000, 0x0000000100000000)
  region size 1024K, 30 young (30720K), 8 survivors (8192K)
 Metaspace       used 90603K, committed 91328K, reserved 1130496K
  class space    used 12420K, committed 12736K, reserved 1048576K
}
Event: 22.832 GC heap after
{Heap after GC invocations=45 (full 0):
 garbage-first heap   total 296960K, used 178893K [0x0000000080000000, 0x0000000100000000)
  region size 1024K, 2 young (2048K), 2 survivors (2048K)
 Metaspace       used 90603K, committed 91328K, reserved 1130496K
  class space    used 12420K, committed 12736K, reserved 1048576K
}
Event: 23.120 GC heap before
{Heap before GC invocations=45 (full 0):
 garbage-first heap   total 296960K, used 191181K [0x0000000080000000, 0x0000000100000000)
  region size 1024K, 14 young (14336K), 2 survivors (2048K)
 Metaspace       used 91399K, committed 92096K, reserved 1130496K
  class space    used 12543K, committed 12864K, reserved 1048576K
}
Event: 23.124 GC heap after
{Heap after GC invocations=46 (full 0):
 garbage-first heap   total 296960K, used 178978K [0x0000000080000000, 0x0000000100000000)
  region size 1024K, 1 young (1024K), 1 survivors (1024K)
 Metaspace       used 91399K, committed 92096K, reserved 1130496K
  class space    used 12543K, committed 12864K, reserved 1048576K
}
Event: 24.992 GC heap before
{Heap before GC invocations=46 (full 0):
 garbage-first heap   total 296960K, used 247586K [0x0000000080000000, 0x0000000100000000)
  region size 1024K, 68 young (69632K), 1 survivors (1024K)
 Metaspace       used 97433K, committed 98240K, reserved 1138688K
  class space    used 13311K, committed 13696K, reserved 1048576K
}
Event: 25.001 GC heap after
{Heap after GC invocations=47 (full 0):
 garbage-first heap   total 296960K, used 183524K [0x0000000080000000, 0x0000000100000000)
  region size 1024K, 6 young (6144K), 6 survivors (6144K)
 Metaspace       used 97433K, committed 98240K, reserved 1138688K
  class space    used 13311K, committed 13696K, reserved 1048576K
}
Event: 26.158 GC heap before
{Heap before GC invocations=47 (full 0):
 garbage-first heap   total 296960K, used 207076K [0x0000000080000000, 0x0000000100000000)
  region size 1024K, 30 young (30720K), 6 survivors (6144K)
 Metaspace       used 99580K, committed 100352K, reserved 1138688K
  class space    used 13603K, committed 13952K, reserved 1048576K
}
Event: 26.193 GC heap after
{Heap after GC invocations=48 (full 0):
 garbage-first heap   total 296960K, used 186419K [0x0000000080000000, 0x0000000100000000)
  region size 1024K, 8 young (8192K), 8 survivors (8192K)
 Metaspace       used 99580K, committed 100352K, reserved 1138688K
  class space    used 13603K, committed 13952K, reserved 1048576K
}
Event: 30.665 GC heap before
{Heap before GC invocations=49 (full 0):
 garbage-first heap   total 317440K, used 249907K [0x0000000080000000, 0x0000000100000000)
  region size 1024K, 69 young (70656K), 8 survivors (8192K)
 Metaspace       used 110012K, committed 110784K, reserved 1146880K
  class space    used 14866K, committed 15232K, reserved 1048576K
}
Event: 30.687 GC heap after
{Heap after GC invocations=50 (full 0):
 garbage-first heap   total 317440K, used 191511K [0x0000000080000000, 0x0000000100000000)
  region size 1024K, 8 young (8192K), 8 survivors (8192K)
 Metaspace       used 110012K, committed 110784K, reserved 1146880K
  class space    used 14866K, committed 15232K, reserved 1048576K
}
Event: 31.006 GC heap before
{Heap before GC invocations=50 (full 0):
 garbage-first heap   total 317440K, used 197655K [0x0000000080000000, 0x0000000100000000)
  region size 1024K, 15 young (15360K), 8 survivors (8192K)
 Metaspace       used 110189K, committed 110976K, reserved 1146880K
  class space    used 14885K, committed 15232K, reserved 1048576K
}
Event: 31.021 GC heap after
{Heap after GC invocations=51 (full 0):
 garbage-first heap   total 317440K, used 192374K [0x0000000080000000, 0x0000000100000000)
  region size 1024K, 2 young (2048K), 2 survivors (2048K)
 Metaspace       used 110189K, committed 110976K, reserved 1146880K
  class space    used 14885K, committed 15232K, reserved 1048576K
}
Event: 33.928 GC heap before
{Heap before GC invocations=51 (full 0):
 garbage-first heap   total 317440K, used 265078K [0x0000000080000000, 0x0000000100000000)
  region size 1024K, 74 young (75776K), 2 survivors (2048K)
 Metaspace       used 111189K, committed 111936K, reserved 1146880K
  class space    used 14946K, committed 15296K, reserved 1048576K
}
Event: 33.940 GC heap after
{Heap after GC invocations=52 (full 0):
 garbage-first heap   total 380928K, used 197437K [0x0000000080000000, 0x0000000100000000)
  region size 1024K, 7 young (7168K), 7 survivors (7168K)
 Metaspace       used 111189K, committed 111936K, reserved 1146880K
  class space    used 14946K, committed 15296K, reserved 1048576K
}
Event: 137.289 GC heap before
{Heap before GC invocations=52 (full 0):
 garbage-first heap   total 380928K, used 305981K [0x0000000080000000, 0x0000000100000000)
  region size 1024K, 114 young (116736K), 7 survivors (7168K)
 Metaspace       used 116195K, committed 117120K, reserved 1155072K
  class space    used 15575K, committed 16000K, reserved 1048576K
}
Event: 137.312 GC heap after
{Heap after GC invocations=53 (full 0):
 garbage-first heap   total 380928K, used 205872K [0x0000000080000000, 0x0000000100000000)
  region size 1024K, 15 young (15360K), 15 survivors (15360K)
 Metaspace       used 116195K, committed 117120K, reserved 1155072K
  class space    used 15575K, committed 16000K, reserved 1048576K
}
Event: 142.934 GC heap before
{Heap before GC invocations=53 (full 0):
 garbage-first heap   total 380928K, used 312368K [0x0000000080000000, 0x0000000100000000)
  region size 1024K, 120 young (122880K), 15 survivors (15360K)
 Metaspace       used 117847K, committed 118720K, reserved 1155072K
  class space    used 15781K, committed 16192K, reserved 1048576K
}
Event: 142.978 GC heap after
{Heap after GC invocations=54 (full 0):
 garbage-first heap   total 380928K, used 220765K [0x0000000080000000, 0x0000000100000000)
  region size 1024K, 15 young (15360K), 15 survivors (15360K)
 Metaspace       used 117847K, committed 118720K, reserved 1155072K
  class space    used 15781K, committed 16192K, reserved 1048576K
}

