# JRE version: OpenJDK Runtime Environment (17.0.6) (build 17.0.6+0-b2043.56-9586694)
# Java VM: OpenJDK 64-Bit Server VM (17.0.6+0-b2043.56-9586694, mixed mode, tiered, compressed oops, compressed class ptrs, g1 gc, windows-amd64)
GC Precious Log:
 CPUs: 4 total, 4 available
 Memory: 8104M
 Large Page Support: Disabled
 NUMA Support: Disabled
 Compressed Oops: Enabled (32-bit)
 Heap Region Size: 1M
 Heap Min Capacity: 8M
 Heap Initial Capacity: 128M
 Heap Max Capacity: 2G
 Pre-touch: Disabled
 Parallel Workers: 4
 Concurrent Workers: 1
 Concurrent Refinement Workers: 4
 Periodic GC: Disabled
Heap:
 garbage-first heap   total 204800K, used 139958K [0x0000000080000000, 0x0000000100000000)
  region size 1024K, 15 young (15360K), 3 survivors (3072K)
 Metaspace       used 65181K, committed 65856K, reserved 1105920K
  class space    used 8664K, committed 8960K, reserved 1048576K
GC Heap History (20 events):
Event: 7.036 GC heap before
{Heap before GC invocations=18 (full 0):
 garbage-first heap   total 114688K, used 77179K [0x0000000080000000, 0x0000000100000000)
  region size 1024K, 16 young (16384K), 2 survivors (2048K)
 Metaspace       used 46570K, committed 47040K, reserved 1089536K
  class space    used 6179K, committed 6400K, reserved 1048576K
}
Event: 7.042 GC heap after
{Heap after GC invocations=19 (full 0):
 garbage-first heap   total 141312K, used 65525K [0x0000000080000000, 0x0000000100000000)
  region size 1024K, 3 young (3072K), 3 survivors (3072K)
 Metaspace       used 46570K, committed 47040K, reserved 1089536K
  class space    used 6179K, committed 6400K, reserved 1048576K
}
Event: 7.058 GC heap before
{Heap before GC invocations=19 (full 0):
 garbage-first heap   total 141312K, used 76789K [0x0000000080000000, 0x0000000100000000)
  region size 1024K, 4 young (4096K), 3 survivors (3072K)
 Metaspace       used 46570K, committed 47040K, reserved 1089536K
  class space    used 6179K, committed 6400K, reserved 1048576K
}
Event: 7.064 GC heap after
{Heap after GC invocations=20 (full 0):
 garbage-first heap   total 141312K, used 76823K [0x0000000080000000, 0x0000000100000000)
  region size 1024K, 3 young (3072K), 3 survivors (3072K)
 Metaspace       used 46570K, committed 47040K, reserved 1089536K
  class space    used 6179K, committed 6400K, reserved 1048576K
}
Event: 7.529 GC heap before
{Heap before GC invocations=21 (full 0):
 garbage-first heap   total 150528K, used 97303K [0x0000000080000000, 0x0000000100000000)
  region size 1024K, 15 young (15360K), 3 survivors (3072K)
 Metaspace       used 47301K, committed 47744K, reserved 1097728K
  class space    used 6262K, committed 6464K, reserved 1048576K
}
Event: 7.537 GC heap after
{Heap after GC invocations=22 (full 0):
 garbage-first heap   total 150528K, used 90172K [0x0000000080000000, 0x0000000100000000)
  region size 1024K, 5 young (5120K), 5 survivors (5120K)
 Metaspace       used 47301K, committed 47744K, reserved 1097728K
  class space    used 6262K, committed 6464K, reserved 1048576K
}
Event: 8.401 GC heap before
{Heap before GC invocations=23 (full 0):
 garbage-first heap   total 157696K, used 113724K [0x0000000080000000, 0x0000000100000000)
  region size 1024K, 27 young (27648K), 5 survivors (5120K)
 Metaspace       used 49285K, committed 49792K, reserved 1097728K
  class space    used 6454K, committed 6656K, reserved 1048576K
}
Event: 8.419 GC heap after
{Heap after GC invocations=24 (full 0):
 garbage-first heap   total 157696K, used 91548K [0x0000000080000000, 0x0000000100000000)
  region size 1024K, 3 young (3072K), 3 survivors (3072K)
 Metaspace       used 49285K, committed 49792K, reserved 1097728K
  class space    used 6454K, committed 6656K, reserved 1048576K
}
Event: 9.035 GC heap before
{Heap before GC invocations=24 (full 0):
 garbage-first heap   total 157696K, used 105884K [0x0000000080000000, 0x0000000100000000)
  region size 1024K, 18 young (18432K), 3 survivors (3072K)
 Metaspace       used 50772K, committed 51264K, reserved 1097728K
  class space    used 6705K, committed 6912K, reserved 1048576K
}
Event: 9.048 GC heap after
{Heap after GC invocations=25 (full 0):
 garbage-first heap   total 157696K, used 92920K [0x0000000080000000, 0x0000000100000000)
  region size 1024K, 2 young (2048K), 2 survivors (2048K)
 Metaspace       used 50772K, committed 51264K, reserved 1097728K
  class space    used 6705K, committed 6912K, reserved 1048576K
}
Event: 9.879 GC heap before
{Heap before GC invocations=26 (full 0):
 garbage-first heap   total 168960K, used 127736K [0x0000000080000000, 0x0000000100000000)
  region size 1024K, 29 young (29696K), 2 survivors (2048K)
 Metaspace       used 53870K, committed 54400K, reserved 1097728K
  class space    used 7211K, committed 7488K, reserved 1048576K
}
Event: 9.885 GC heap after
{Heap after GC invocations=27 (full 0):
 garbage-first heap   total 168960K, used 101971K [0x0000000080000000, 0x0000000100000000)
  region size 1024K, 4 young (4096K), 4 survivors (4096K)
 Metaspace       used 53870K, committed 54400K, reserved 1097728K
  class space    used 7211K, committed 7488K, reserved 1048576K
}
Event: 10.547 GC heap before
{Heap before GC invocations=27 (full 0):
 garbage-first heap   total 168960K, used 129619K [0x0000000080000000, 0x0000000100000000)
  region size 1024K, 33 young (33792K), 4 survivors (4096K)
 Metaspace       used 54845K, committed 55424K, reserved 1097728K
  class space    used 7290K, committed 7552K, reserved 1048576K
}
Event: 10.555 GC heap after
{Heap after GC invocations=28 (full 0):
 garbage-first heap   total 168960K, used 104334K [0x0000000080000000, 0x0000000100000000)
  region size 1024K, 5 young (5120K), 5 survivors (5120K)
 Metaspace       used 54845K, committed 55424K, reserved 1097728K
  class space    used 7290K, committed 7552K, reserved 1048576K
}
Event: 11.023 GC heap before
{Heap before GC invocations=29 (full 0):
 garbage-first heap   total 201728K, used 141198K [0x0000000080000000, 0x0000000100000000)
  region size 1024K, 33 young (33792K), 5 survivors (5120K)
 Metaspace       used 57549K, committed 58240K, reserved 1105920K
  class space    used 7679K, committed 8000K, reserved 1048576K
}
Event: 11.032 GC heap after
{Heap after GC invocations=30 (full 0):
 garbage-first heap   total 201728K, used 119333K [0x0000000080000000, 0x0000000100000000)
  region size 1024K, 5 young (5120K), 5 survivors (5120K)
 Metaspace       used 57549K, committed 58240K, reserved 1105920K
  class space    used 7679K, committed 8000K, reserved 1048576K
}
Event: 12.465 GC heap before
{Heap before GC invocations=30 (full 0):
 garbage-first heap   total 201728K, used 154149K [0x0000000080000000, 0x0000000100000000)
  region size 1024K, 39 young (39936K), 5 survivors (5120K)
 Metaspace       used 63401K, committed 64064K, reserved 1105920K
  class space    used 8451K, committed 8768K, reserved 1048576K
}
Event: 12.474 GC heap after
{Heap after GC invocations=31 (full 0):
 garbage-first heap   total 201728K, used 121207K [0x0000000080000000, 0x0000000100000000)
  region size 1024K, 2 young (2048K), 2 survivors (2048K)
 Metaspace       used 63401K, committed 64064K, reserved 1105920K
  class space    used 8451K, committed 8768K, reserved 1048576K
}
Event: 12.719 GC heap before
{Heap before GC invocations=32 (full 0):
 garbage-first heap   total 204800K, used 128375K [0x0000000080000000, 0x0000000100000000)
  region size 1024K, 10 young (10240K), 2 survivors (2048K)
 Metaspace       used 65107K, committed 65728K, reserved 1105920K
  class space    used 8659K, committed 8960K, reserved 1048576K
}
Event: 12.724 GC heap after
{Heap after GC invocations=33 (full 0):
 garbage-first heap   total 204800K, used 122550K [0x0000000080000000, 0x0000000100000000)
  region size 1024K, 3 young (3072K), 3 survivors (3072K)
 Metaspace       used 65107K, committed 65728K, reserved 1105920K
  class space    used 8659K, committed 8960K, reserved 1048576K
}

