# JRE version: OpenJDK Runtime Environment (17.0.6) (build 17.0.6+0-b2043.56-9586694)
# Java VM: OpenJDK 64-Bit Server VM (17.0.6+0-b2043.56-9586694, mixed mode, tiered, compressed oops, compressed class ptrs, g1 gc, windows-amd64)
GC Precious Log:
 CPUs: 4 total, 4 available
 Memory: 8104M
 Large Page Support: Disabled
 NUMA Support: Disabled
 Compressed Oops: Enabled (32-bit)
 Heap Region Size: 1M
 Heap Min Capacity: 8M
 Heap Initial Capacity: 128M
 Heap Max Capacity: 2028M
 Pre-touch: Disabled
 Parallel Workers: 4
 Concurrent Workers: 1
 Concurrent Refinement Workers: 4
 Periodic GC: Disabled
Heap:
 garbage-first heap   total 131072K, used 68227K [0x0000000081400000, 0x0000000100000000)
  region size 1024K, 2 young (2048K), 2 survivors (2048K)
 Metaspace       used 84972K, committed 85312K, reserved 1130496K
  class space    used 9592K, committed 9728K, reserved 1048576K
GC Heap History (20 events):
Event: 5.114 GC heap after
{Heap after GC invocations=15 (full 0):
 garbage-first heap   total 90112K, used 40271K [0x0000000081400000, 0x0000000100000000)
  region size 1024K, 4 young (4096K), 4 survivors (4096K)
 Metaspace       used 55081K, committed 55360K, reserved 1097728K
  class space    used 6561K, committed 6720K, reserved 1048576K
}
Event: 5.876 GC heap before
{Heap before GC invocations=15 (full 0):
 garbage-first heap   total 90112K, used 68943K [0x0000000081400000, 0x0000000100000000)
  region size 1024K, 32 young (32768K), 4 survivors (4096K)
 Metaspace       used 56283K, committed 56576K, reserved 1105920K
  class space    used 6605K, committed 6720K, reserved 1048576K
}
Event: 5.891 GC heap after
{Heap after GC invocations=16 (full 0):
 garbage-first heap   total 90112K, used 45355K [0x0000000081400000, 0x0000000100000000)
  region size 1024K, 4 young (4096K), 4 survivors (4096K)
 Metaspace       used 56283K, committed 56576K, reserved 1105920K
  class space    used 6605K, committed 6720K, reserved 1048576K
}
Event: 6.244 GC heap before
{Heap before GC invocations=16 (full 0):
 garbage-first heap   total 90112K, used 67883K [0x0000000081400000, 0x0000000100000000)
  region size 1024K, 27 young (27648K), 4 survivors (4096K)
 Metaspace       used 57352K, committed 57664K, reserved 1105920K
  class space    used 6711K, committed 6848K, reserved 1048576K
}
Event: 6.264 GC heap after
{Heap after GC invocations=17 (full 0):
 garbage-first heap   total 90112K, used 48916K [0x0000000081400000, 0x0000000100000000)
  region size 1024K, 3 young (3072K), 3 survivors (3072K)
 Metaspace       used 57352K, committed 57664K, reserved 1105920K
  class space    used 6711K, committed 6848K, reserved 1048576K
}
Event: 7.373 GC heap before
{Heap before GC invocations=18 (full 0):
 garbage-first heap   total 90112K, used 71444K [0x0000000081400000, 0x0000000100000000)
  region size 1024K, 25 young (25600K), 3 survivors (3072K)
 Metaspace       used 60350K, committed 60608K, reserved 1105920K
  class space    used 7069K, committed 7232K, reserved 1048576K
}
Event: 7.391 GC heap after
{Heap after GC invocations=19 (full 0):
 garbage-first heap   total 90112K, used 52311K [0x0000000081400000, 0x0000000100000000)
  region size 1024K, 4 young (4096K), 4 survivors (4096K)
 Metaspace       used 60350K, committed 60608K, reserved 1105920K
  class space    used 7069K, committed 7232K, reserved 1048576K
}
Event: 8.272 GC heap before
{Heap before GC invocations=19 (full 0):
 garbage-first heap   total 90112K, used 71767K [0x0000000081400000, 0x0000000100000000)
  region size 1024K, 23 young (23552K), 4 survivors (4096K)
 Metaspace       used 61726K, committed 62016K, reserved 1105920K
  class space    used 7170K, committed 7296K, reserved 1048576K
}
Event: 8.290 GC heap after
{Heap after GC invocations=20 (full 0):
 garbage-first heap   total 125952K, used 55594K [0x0000000081400000, 0x0000000100000000)
  region size 1024K, 3 young (3072K), 3 survivors (3072K)
 Metaspace       used 61726K, committed 62016K, reserved 1105920K
  class space    used 7170K, committed 7296K, reserved 1048576K
}
Event: 9.544 GC heap before
{Heap before GC invocations=21 (full 0):
 garbage-first heap   total 125952K, used 94506K [0x0000000081400000, 0x0000000100000000)
  region size 1024K, 41 young (41984K), 3 survivors (3072K)
 Metaspace       used 69592K, committed 69888K, reserved 1114112K
  class space    used 8125K, committed 8256K, reserved 1048576K
}
Event: 9.564 GC heap after
{Heap after GC invocations=22 (full 0):
 garbage-first heap   total 125952K, used 58666K [0x0000000081400000, 0x0000000100000000)
  region size 1024K, 6 young (6144K), 6 survivors (6144K)
 Metaspace       used 69592K, committed 69888K, reserved 1114112K
  class space    used 8125K, committed 8256K, reserved 1048576K
}
Event: 9.601 GC heap before
{Heap before GC invocations=22 (full 0):
 garbage-first heap   total 125952K, used 59690K [0x0000000081400000, 0x0000000100000000)
  region size 1024K, 7 young (7168K), 6 survivors (6144K)
 Metaspace       used 69846K, committed 70144K, reserved 1114112K
  class space    used 8166K, committed 8320K, reserved 1048576K
}
Event: 9.615 GC heap after
{Heap after GC invocations=23 (full 0):
 garbage-first heap   total 125952K, used 59068K [0x0000000081400000, 0x0000000100000000)
  region size 1024K, 1 young (1024K), 1 survivors (1024K)
 Metaspace       used 69846K, committed 70144K, reserved 1114112K
  class space    used 8166K, committed 8320K, reserved 1048576K
}
Event: 10.610 GC heap before
{Heap before GC invocations=23 (full 0):
 garbage-first heap   total 125952K, used 96956K [0x0000000081400000, 0x0000000100000000)
  region size 1024K, 38 young (38912K), 1 survivors (1024K)
 Metaspace       used 76681K, committed 76992K, reserved 1122304K
  class space    used 8869K, committed 9024K, reserved 1048576K
}
Event: 10.624 GC heap after
{Heap after GC invocations=24 (full 0):
 garbage-first heap   total 125952K, used 61658K [0x0000000081400000, 0x0000000100000000)
  region size 1024K, 4 young (4096K), 4 survivors (4096K)
 Metaspace       used 76681K, committed 76992K, reserved 1122304K
  class space    used 8869K, committed 9024K, reserved 1048576K
}
Event: 11.469 GC heap before
{Heap before GC invocations=25 (full 0):
 garbage-first heap   total 125952K, used 98522K [0x0000000081400000, 0x0000000100000000)
  region size 1024K, 40 young (40960K), 4 survivors (4096K)
 Metaspace       used 80145K, committed 80448K, reserved 1122304K
  class space    used 9208K, committed 9344K, reserved 1048576K
}
Event: 11.492 GC heap after
{Heap after GC invocations=26 (full 0):
 garbage-first heap   total 125952K, used 67049K [0x0000000081400000, 0x0000000100000000)
  region size 1024K, 5 young (5120K), 5 survivors (5120K)
 Metaspace       used 80145K, committed 80448K, reserved 1122304K
  class space    used 9208K, committed 9344K, reserved 1048576K
}
Event: 11.523 GC heap before
{Heap before GC invocations=26 (full 0):
 garbage-first heap   total 125952K, used 68073K [0x0000000081400000, 0x0000000100000000)
  region size 1024K, 6 young (6144K), 5 survivors (5120K)
 Metaspace       used 80189K, committed 80448K, reserved 1122304K
  class space    used 9208K, committed 9344K, reserved 1048576K
}
Event: 11.539 GC heap after
{Heap after GC invocations=27 (full 0):
 garbage-first heap   total 125952K, used 67473K [0x0000000081400000, 0x0000000100000000)
  region size 1024K, 1 young (1024K), 1 survivors (1024K)
 Metaspace       used 80189K, committed 80448K, reserved 1122304K
  class space    used 9208K, committed 9344K, reserved 1048576K
}
Event: 12.287 GC heap before
{Heap before GC invocations=27 (full 0):
 garbage-first heap   total 125952K, used 98193K [0x0000000081400000, 0x0000000100000000)
  region size 1024K, 32 young (32768K), 1 survivors (1024K)
 Metaspace       used 84972K, committed 85312K, reserved 1130496K
  class space    used 9592K, committed 9728K, reserved 1048576K
}

