SF:lib/common/components/textfield/form_textfield.dart
DA:15,1
DA:27,1
DA:28,1
DA:34,1
DA:36,1
DA:38,4
DA:39,2
DA:42,1
DA:43,0
DA:44,0
DA:49,1
DA:51,2
DA:52,1
DA:55,1
DA:57,1
DA:58,3
DA:60,1
DA:62,2
DA:64,1
DA:66,2
DA:69,2
DA:70,1
DA:71,2
DA:72,2
DA:74,2
LF:25
LH:23
end_of_record
SF:lib/common/utils/name_formatter.dart
DA:5,1
DA:7,1
DA:12,4
DA:14,3
DA:15,1
DA:17,2
LF:6
LH:6
end_of_record
SF:lib/common/utils/winrate_input_formatter.dart
DA:8,1
DA:15,3
DA:17,3
DA:19,1
DA:24,1
DA:27,1
DA:29,1
DA:30,2
DA:31,1
DA:32,2
DA:38,2
DA:40,1
DA:41,1
DA:42,6
DA:47,1
DA:48,2
LF:16
LH:16
end_of_record
